2024-06-29T13:07:52.773Z - Error: moment is not defined
Stack: ReferenceError: moment is not defined
    at Object.scheduleBackup (D:\perSI\4th\ABD\FAK EAS\magic-backup\controllers\auto_backup.controller.js:86:37)
    at D:\perSI\4th\ABD\FAK EAS\magic-backup\routes\auto_backup.route.js:48:26
    at Layer.handle [as handle_request] (D:\perSI\4th\ABD\FAK EAS\magic-backup\node_modules\express\lib\router\layer.js:95:5)
    at next (D:\perSI\4th\ABD\FAK EAS\magic-backup\node_modules\express\lib\router\route.js:149:13)
    at Route.dispatch (D:\perSI\4th\ABD\FAK EAS\magic-backup\node_modules\express\lib\router\route.js:119:3)
    at Layer.handle [as handle_request] (D:\perSI\4th\ABD\FAK EAS\magic-backup\node_modules\express\lib\router\layer.js:95:5)
    at D:\perSI\4th\ABD\FAK EAS\magic-backup\node_modules\express\lib\router\index.js:284:15
    at Function.process_params (D:\perSI\4th\ABD\FAK EAS\magic-backup\node_modules\express\lib\router\index.js:346:12)
    at next (D:\perSI\4th\ABD\FAK EAS\magic-backup\node_modules\express\lib\router\index.js:280:10)
    at Function.handle (D:\perSI\4th\ABD\FAK EAS\magic-backup\node_modules\express\lib\router\index.js:175:3)

2024-06-29T13:17:47.613Z - Error: now.clone(...).hours(...).minutes(...).seconds is not a function
Stack: TypeError: now.clone(...).hours(...).minutes(...).seconds is not a function
    at Object.scheduleBackup (D:\perSI\4th\ABD\FAK EAS\magic-backup\controllers\auto_backup.controller.js:94:85)
    at D:\perSI\4th\ABD\FAK EAS\magic-backup\routes\auto_backup.route.js:48:26
    at Layer.handle [as handle_request] (D:\perSI\4th\ABD\FAK EAS\magic-backup\node_modules\express\lib\router\layer.js:95:5)
    at next (D:\perSI\4th\ABD\FAK EAS\magic-backup\node_modules\express\lib\router\route.js:149:13)
    at Route.dispatch (D:\perSI\4th\ABD\FAK EAS\magic-backup\node_modules\express\lib\router\route.js:119:3)
    at Layer.handle [as handle_request] (D:\perSI\4th\ABD\FAK EAS\magic-backup\node_modules\express\lib\router\layer.js:95:5)
    at D:\perSI\4th\ABD\FAK EAS\magic-backup\node_modules\express\lib\router\index.js:284:15
    at Function.process_params (D:\perSI\4th\ABD\FAK EAS\magic-backup\node_modules\express\lib\router\index.js:346:12)
    at next (D:\perSI\4th\ABD\FAK EAS\magic-backup\node_modules\express\lib\router\index.js:280:10)
    at Function.handle (D:\perSI\4th\ABD\FAK EAS\magic-backup\node_modules\express\lib\router\index.js:175:3)

2024-06-29T13:23:15.936Z - Error: Login failed for user 'sa'.
Stack: ConnectionError: Login failed for user 'sa'.
    at D:\perSI\4th\ABD\FAK EAS\magic-backup\node_modules\mssql\lib\tedious\connection-pool.js:85:17
    at Connection.onConnect (D:\perSI\4th\ABD\FAK EAS\magic-backup\node_modules\tedious\lib\connection.js:836:9)
    at Object.onceWrapper (node:events:629:26)
    at Connection.emit (node:events:514:28)
    at Connection.emit (D:\perSI\4th\ABD\FAK EAS\magic-backup\node_modules\tedious\lib\connection.js:957:18)
    at D:\perSI\4th\ABD\FAK EAS\magic-backup\node_modules\tedious\lib\connection.js:2348:18
    at process.processTicksAndRejections (node:internal/process/task_queues:95:5)

2024-06-29T13:31:19.295Z - Error: destinationConfig is not defined
Stack: ReferenceError: destinationConfig is not defined
    at createSecondaryDatabase (D:\perSI\4th\ABD\FAK EAS\magic-backup\controllers\logShippingController.js:24:72)
    at async restoreLogs (D:\perSI\4th\ABD\FAK EAS\magic-backup\controllers\logShippingController.js:102:9)

2024-06-29T13:45:00.732Z - Error: destinationConfig is not defined
Stack: ReferenceError: destinationConfig is not defined
    at createSecondaryDatabase (D:\perSI\4th\ABD\FAK EAS\magic-backup\controllers\logShippingController.js:25:72)
    at async restoreLogs (D:\perSI\4th\ABD\FAK EAS\magic-backup\controllers\logShippingController.js:103:9)

2024-06-29T13:45:49.859Z - Error: destinationConfig is not defined
Stack: ReferenceError: destinationConfig is not defined
    at retrieveLogicalFileNames (D:\perSI\4th\ABD\FAK EAS\magic-backup\controllers\logShippingController.js:198:34)
    at restoreLogs (D:\perSI\4th\ABD\FAK EAS\magic-backup\controllers\logShippingController.js:123:40)

2024-06-29T13:46:44.969Z - Error: password is not defined
Stack: ReferenceError: password is not defined
    at retrieveLogicalFileNames (D:\perSI\4th\ABD\FAK EAS\magic-backup\controllers\logShippingController.js:208:22)
    at restoreLogs (D:\perSI\4th\ABD\FAK EAS\magic-backup\controllers\logShippingController.js:134:40)

